<?xml version="1.0" encoding="UTF-8"?>
<!-- Generated by org.testng.reporters.JUnitReportReporter -->
<testsuite hostname="DESKTOP-U7F4L3C" name="com.test.Imdbtest" tests="1" failures="0" timestamp="13 Sep 2018 11:30:33 GMT" time="31.496" errors="0">
  <testcase name="InsertMovieDataToDatabse" time="31.496" classname="com.test.Imdbtest"/>
</testsuite> <!-- com.test.Imdbtest -->
